<?xml version="1.0" encoding="UTF-8"?>
<testsuite xmlns:xsi="http://www.w3.org/2001/XMLSchema-instance" xsi:noNamespaceSchemaLocation="https://maven.apache.org/surefire/maven-surefire-plugin/xsd/surefire-test-report-3.0.xsd" version="3.0" name="fi.tuni.prog3.weatherapp.controller.WeatherControllerTest" time="1.918" tests="6" errors="0" skipped="0" failures="0">
  <properties>
[...]
</properties>
  <testcase name="testLookUpLocation_InvalidLocation" classname="fi.tuni.prog3.weatherapp.controller.WeatherControllerTest" time="1.073">
    <system-out><![CDATA[Error: GET request failed: 400 Bad Request
]]></system-out>
  </testcase>
  <testcase name="testGetForecast_ValidCoordinates" classname="fi.tuni.prog3.weatherapp.controller.WeatherControllerTest" time="0.306">
    <system-out><![CDATA[{"cod":"200","message":0,"cnt":40,"list":[{"dt":1702058400,"main":{"temp":264.05,"feels_like":258.01,"temp_min":263.09,"temp_max":264.05,"pressure":1029,"sea_level":1029,"grnd_level":1018,"humidity":93,"temp_kf":0.96},"weather":[{"id":804,"main":"Clouds","description":"overcast clouds","icon":"04n"}],"clouds":{"all":100},"wind":{"speed":3.66,"deg":93,"gust":9.71},"visibility":3961,"pop":0,"sys":{"pod":"n"},"dt_txt":"2023-12-08 18:00:00"},{"dt":1702069200,"main":{"temp":263,"feels_like":257.09,"temp_min":262.23,"temp_max":263,"pressure":1029,"sea_level":1029,"grnd_level":1018,"humidity":95,"temp_kf":0.77},"weather":[{"id":804,"main":"Clouds","description":"overcast clouds","icon":"04n"}],"clouds":{"all":95},"wind":{"speed":3.32,"deg":95,"gust":9.82},"visibility":3987,"pop":0,"sys":{"pod":"n"},"dt_txt":"2023-12-08 21:00:00"},{"dt":1702080000,"main":{"temp":262.25,"feels_like":256.48,"temp_min":262.25,"temp_max":262.25,"pressure":1029,"sea_level":1029,"grnd_level":1017,"humidity":96,"temp_kf":0},"weather":[{"id":804,"main":"Clouds","description":"overcast clouds","icon":"04n"}],"clouds":{"all":95},"wind":{"speed":3.06,"deg":103,"gust":9.01},"visibility":1909,"pop":0,"sys":{"pod":"n"},"dt_txt":"2023-12-09 00:00:00"},{"dt":1702090800,"main":{"temp":262.22,"feels_like":256.73,"temp_min":262.22,"temp_max":262.22,"pressure":1028,"sea_level":1028,"grnd_level":1016,"humidity":96,"temp_kf":0},"weather":[{"id":804,"main":"Clouds","description":"overcast clouds","icon":"04n"}],"clouds":{"all":99},"wind":{"speed":2.83,"deg":104,"gust":9.09},"visibility":1733,"pop":0,"sys":{"pod":"n"},"dt_txt":"2023-12-09 03:00:00"},{"dt":1702101600,"main":{"temp":262.72,"feels_like":256.94,"temp_min":262.72,"temp_max":262.72,"pressure":1027,"sea_level":1027,"grnd_level":1015,"humidity":96,"temp_kf":0},"weather":[{"id":804,"main":"Clouds","description":"overcast clouds","icon":"04n"}],"clouds":{"all":100},"wind":{"speed":3.15,"deg":100,"gust":9.21},"visibility":1256,"pop":0,"sys":{"pod":"n"},"dt_txt":"2023-12-09 06:00:00"},{"dt":1702112400,"main":{"temp":263.96,"feels_like":258.28,"temp_min":263.96,"temp_max":263.96,"pressure":1026,"sea_level":1026,"grnd_level":1014,"humidity":94,"temp_kf":0},"weather":[{"id":804,"main":"Clouds","description":"overcast clouds","icon":"04d"}],"clouds":{"all":100},"wind":{"speed":3.29,"deg":100,"gust":9.79},"visibility":3326,"pop":0,"sys":{"pod":"d"},"dt_txt":"2023-12-09 09:00:00"},{"dt":1702123200,"main":{"temp":264.65,"feels_like":258.86,"temp_min":264.65,"temp_max":264.65,"pressure":1024,"sea_level":1024,"grnd_level":1013,"humidity":94,"temp_kf":0},"weather":[{"id":804,"main":"Clouds","description":"overcast clouds","icon":"04d"}],"clouds":{"all":100},"wind":{"speed":3.54,"deg":100,"gust":9.41},"visibility":2032,"pop":0,"sys":{"pod":"d"},"dt_txt":"2023-12-09 12:00:00"},{"dt":1702134000,"main":{"temp":264.5,"feels_like":258.28,"temp_min":264.5,"temp_max":264.5,"pressure":1023,"sea_level":1023,"grnd_level":1011,"humidity":93,"temp_kf":0},"weather":[{"id":804,"main":"Clouds","description":"overcast clouds","icon":"04n"}],"clouds":{"all":100},"wind":{"speed":3.96,"deg":103,"gust":11},"visibility":2557,"pop":0,"sys":{"pod":"n"},"dt_txt":"2023-12-09 15:00:00"},{"dt":1702144800,"main":{"temp":264.65,"feels_like":258.72,"temp_min":264.65,"temp_max":264.65,"pressure":1021,"sea_level":1021,"grnd_level":1009,"humidity":94,"temp_kf":0},"weather":[{"id":600,"main":"Snow","description":"light snow","icon":"13n"}],"clouds":{"all":100},"wind":{"speed":3.68,"deg":100,"gust":10.2},"visibility":1064,"pop":0.2,"snow":{"3h":0.12},"sys":{"pod":"n"},"dt_txt":"2023-12-09 18:00:00"},{"dt":1702155600,"main":{"temp":264.48,"feels_like":258.22,"temp_min":264.48,"temp_max":264.48,"pressure":1020,"sea_level":1020,"grnd_level":1008,"humidity":94,"temp_kf":0},"weather":[{"id":600,"main":"Snow","description":"light snow","icon":"13n"}],"clouds":{"all":100},"wind":{"speed":3.99,"deg":92,"gust":10.39},"visibility":1167,"pop":0.2,"snow":{"3h":0.13},"sys":{"pod":"n"},"dt_txt":"2023-12-09 21:00:00"},{"dt":1702166400,"main":{"temp":264.63,"feels_like":258.46,"temp_min":264.63,"temp_max":264.63,"pressure":1018,"sea_level":1018,"grnd_level":1007,"humidity":94,"temp_kf":0},"weather":[{"id":600,"main":"Snow","description":"light snow","icon":"13n"}],"clouds":{"all":100},"wind":{"speed":3.93,"deg":91,"gust":10.5},"visibility":616,"pop":0.2,"snow":{"3h":0.25},"sys":{"pod":"n"},"dt_txt":"2023-12-10 00:00:00"},{"dt":1702177200,"main":{"temp":265.4,"feels_like":259.51,"temp_min":265.4,"temp_max":265.4,"pressure":1017,"sea_level":1017,"grnd_level":1005,"humidity":94,"temp_kf":0},"weather":[{"id":600,"main":"Snow","description":"light snow","icon":"13n"}],"clouds":{"all":100},"wind":{"speed":3.82,"deg":89,"gust":10.91},"visibility":707,"pop":0.28,"snow":{"3h":0.19},"sys":{"pod":"n"},"dt_txt":"2023-12-10 03:00:00"},{"dt":1702188000,"main":{"temp":266.46,"feels_like":260.95,"temp_min":266.46,"temp_max":266.46,"pressure":1017,"sea_level":1017,"grnd_level":1005,"humidity":94,"temp_kf":0},"weather":[{"id":600,"main":"Snow","description":"light snow","icon":"13n"}],"clouds":{"all":100},"wind":{"speed":3.66,"deg":91,"gust":10.62},"visibility":333,"pop":0.52,"snow":{"3h":0.38},"sys":{"pod":"n"},"dt_txt":"2023-12-10 06:00:00"},{"dt":1702198800,"main":{"temp":267.47,"feels_like":262.25,"temp_min":267.47,"temp_max":267.47,"pressure":1016,"sea_level":1016,"grnd_level":1005,"humidity":94,"temp_kf":0},"weather":[{"id":600,"main":"Snow","description":"light snow","icon":"13d"}],"clouds":{"all":100},"wind":{"speed":3.59,"deg":97,"gust":10},"visibility":405,"pop":0.96,"snow":{"3h":0.38},"sys":{"pod":"d"},"dt_txt":"2023-12-10 09:00:00"},{"dt":1702209600,"main":{"temp":268.23,"feels_like":263.68,"temp_min":268.23,"temp_max":268.23,"pressure":1016,"sea_level":1016,"grnd_level":1005,"humidity":95,"temp_kf":0},"weather":[{"id":600,"main":"Snow","description":"light snow","icon":"13d"}],"clouds":{"all":100},"wind":{"speed":3.06,"deg":100,"gust":8.7},"visibility":245,"pop":0.76,"snow":{"3h":0.31},"sys":{"pod":"d"},"dt_txt":"2023-12-10 12:00:00"},{"dt":1702220400,"main":{"temp":267.91,"feels_like":263.66,"temp_min":267.91,"temp_max":267.91,"pressure":1016,"sea_level":1016,"grnd_level":1005,"humidity":96,"temp_kf":0},"weather":[{"id":600,"main":"Snow","description":"light snow","icon":"13n"}],"clouds":{"all":100},"wind":{"speed":2.72,"deg":99,"gust":7.89},"visibility":549,"pop":0.28,"snow":{"3h":0.31},"sys":{"pod":"n"},"dt_txt":"2023-12-10 15:00:00"},{"dt":1702231200,"main":{"temp":267.76,"feels_like":263.77,"temp_min":267.76,"temp_max":267.76,"pressure":1016,"sea_level":1016,"grnd_level":1005,"humidity":96,"temp_kf":0},"weather":[{"id":600,"main":"Snow","description":"light snow","icon":"13n"}],"clouds":{"all":100},"wind":{"speed":2.48,"deg":105,"gust":6.91},"visibility":389,"pop":0.32,"snow":{"3h":0.19},"sys":{"pod":"n"},"dt_txt":"2023-12-10 18:00:00"},{"dt":1702242000,"main":{"temp":266.56,"feels_like":262.99,"temp_min":266.56,"temp_max":266.56,"pressure":1016,"sea_level":1016,"grnd_level":1005,"humidity":97,"temp_kf":0},"weather":[{"id":600,"main":"Snow","description":"light snow","icon":"13n"}],"clouds":{"all":93},"wind":{"speed":2.02,"deg":99,"gust":5.91},"visibility":932,"pop":0.24,"snow":{"3h":0.19},"sys":{"pod":"n"},"dt_txt":"2023-12-10 21:00:00"},{"dt":1702252800,"main":{"temp":266,"feels_like":262.66,"temp_min":266,"temp_max":266,"pressure":1016,"sea_level":1016,"grnd_level":1004,"humidity":98,"temp_kf":0},"weather":[{"id":600,"main":"Snow","description":"light snow","icon":"13n"}],"clouds":{"all":91},"wind":{"speed":1.82,"deg":98,"gust":5.21},"visibility":1185,"pop":0.2,"snow":{"3h":0.13},"sys":{"pod":"n"},"dt_txt":"2023-12-11 00:00:00"},{"dt":1702263600,"main":{"temp":264.88,"feels_like":261.13,"temp_min":264.88,"temp_max":264.88,"pressure":1015,"sea_level":1015,"grnd_level":1004,"humidity":98,"temp_kf":0},"weather":[{"id":804,"main":"Clouds","description":"overcast clouds","icon":"04n"}],"clouds":{"all":86},"wind":{"speed":1.96,"deg":97,"gust":5.63},"visibility":2669,"pop":0,"sys":{"pod":"n"},"dt_txt":"2023-12-11 03:00:00"},{"dt":1702274400,"main":{"temp":264.49,"feels_like":260.64,"temp_min":264.49,"temp_max":264.49,"pressure":1015,"sea_level":1015,"grnd_level":1003,"humidity":98,"temp_kf":0},"weather":[{"id":804,"main":"Clouds","description":"overcast clouds","icon":"04n"}],"clouds":{"all":88},"wind":{"speed":1.98,"deg":84,"gust":5.62},"visibility":1998,"pop":0,"sys":{"pod":"n"},"dt_txt":"2023-12-11 06:00:00"},{"dt":1702285200,"main":{"temp":266.62,"feels_like":262.55,"temp_min":266.62,"temp_max":266.62,"pressure":1015,"sea_level":1015,"grnd_level":1003,"humidity":96,"temp_kf":0},"weather":[{"id":804,"main":"Clouds","description":"overcast clouds","icon":"04d"}],"clouds":{"all":97},"wind":{"speed":2.38,"deg":86,"gust":6.8},"visibility":1053,"pop":0,"sys":{"pod":"d"},"dt_txt":"2023-12-11 09:00:00"},{"dt":1702296000,"main":{"temp":267.3,"feels_like":263.03,"temp_min":267.3,"temp_max":267.3,"pressure":1014,"sea_level":1014,"grnd_level":1002,"humidity":96,"temp_kf":0},"weather":[{"id":600,"main":"Snow","description":"light snow","icon":"13d"}],"clouds":{"all":98},"wind":{"speed":2.64,"deg":71,"gust":6.62},"visibility":2680,"pop":0.2,"snow":{"3h":0.13},"sys":{"pod":"d"},"dt_txt":"2023-12-11 12:00:00"},{"dt":1702306800,"main":{"temp":267.54,"feels_like":262.99,"temp_min":267.54,"temp_max":267.54,"pressure":1013,"sea_level":1013,"grnd_level":1002,"humidity":96,"temp_kf":0},"weather":[{"id":600,"main":"Snow","description":"light snow","icon":"13n"}],"clouds":{"all":100},"wind":{"speed":2.93,"deg":73,"gust":7.91},"visibility":636,"pop":0.32,"snow":{"3h":0.13},"sys":{"pod":"n"},"dt_txt":"2023-12-11 15:00:00"},{"dt":1702317600,"main":{"temp":267.91,"feels_like":263.38,"temp_min":267.91,"temp_max":267.91,"pressure":1013,"sea_level":1013,"grnd_level":1002,"humidity":96,"temp_kf":0},"weather":[{"id":600,"main":"Snow","description":"light snow","icon":"13n"}],"clouds":{"all":100},"wind":{"speed":2.98,"deg":67,"gust":7.62},"visibility":495,"pop":0.32,"snow":{"3h":0.38},"sys":{"pod":"n"},"dt_txt":"2023-12-11 18:00:00"},{"dt":1702328400,"main":{"temp":267.88,"feels_like":263.55,"temp_min":267.88,"temp_max":267.88,"pressure":1013,"sea_level":1013,"grnd_level":1002,"humidity":96,"temp_kf":0},"weather":[{"id":600,"main":"Snow","description":"light snow","icon":"13n"}],"clouds":{"all":100},"wind":{"speed":2.79,"deg":61,"gust":7.2},"visibility":660,"pop":0.2,"snow":{"3h":0.19},"sys":{"pod":"n"},"dt_txt":"2023-12-11 21:00:00"},{"dt":1702339200,"main":{"temp":267.76,"feels_like":263.56,"temp_min":267.76,"temp_max":267.76,"pressure":1013,"sea_level":1013,"grnd_level":1001,"humidity":96,"temp_kf":0},"weather":[{"id":600,"main":"Snow","description":"light snow","icon":"13n"}],"clouds":{"all":100},"wind":{"speed":2.65,"deg":55,"gust":7.1},"visibility":1761,"pop":0.2,"snow":{"3h":0.13},"sys":{"pod":"n"},"dt_txt":"2023-12-12 00:00:00"},{"dt":1702350000,"main":{"temp":267.46,"feels_like":263.45,"temp_min":267.46,"temp_max":267.46,"pressure":1013,"sea_level":1013,"grnd_level":1001,"humidity":96,"temp_kf":0},"weather":[{"id":804,"main":"Clouds","description":"overcast clouds","icon":"04n"}],"clouds":{"all":100},"wind":{"speed":2.45,"deg":51,"gust":6.8},"visibility":3100,"pop":0,"sys":{"pod":"n"},"dt_txt":"2023-12-12 03:00:00"},{"dt":1702360800,"main":{"temp":267.25,"feels_like":263.21,"temp_min":267.25,"temp_max":267.25,"pressure":1012,"sea_level":1012,"grnd_level":1001,"humidity":97,"temp_kf":0},"weather":[{"id":804,"main":"Clouds","description":"overcast clouds","icon":"04n"}],"clouds":{"all":100},"wind":{"speed":2.44,"deg":43,"gust":6.7},"visibility":3232,"pop":0,"sys":{"pod":"n"},"dt_txt":"2023-12-12 06:00:00"},{"dt":1702371600,"main":{"temp":268.04,"feels_like":264.22,"temp_min":268.04,"temp_max":268.04,"pressure":1013,"sea_level":1013,"grnd_level":1001,"humidity":96,"temp_kf":0},"weather":[{"id":600,"main":"Snow","description":"light snow","icon":"13d"}],"clouds":{"all":100},"wind":{"speed":2.38,"deg":41,"gust":6.4},"visibility":562,"pop":0.2,"snow":{"3h":0.13},"sys":{"pod":"d"},"dt_txt":"2023-12-12 09:00:00"},{"dt":1702382400,"main":{"temp":268.92,"feels_like":265.34,"temp_min":268.92,"temp_max":268.92,"pressure":1012,"sea_level":1012,"grnd_level":1001,"humidity":96,"temp_kf":0},"weather":[{"id":600,"main":"Snow","description":"light snow","icon":"13d"}],"clouds":{"all":100},"wind":{"speed":2.32,"deg":40,"gust":5.91},"visibility":417,"pop":0.32,"snow":{"3h":0.31},"sys":{"pod":"d"},"dt_txt":"2023-12-12 12:00:00"},{"dt":1702393200,"main":{"temp":268.27,"feels_like":264.73,"temp_min":268.27,"temp_max":268.27,"pressure":1012,"sea_level":1012,"grnd_level":1001,"humidity":97,"temp_kf":0},"weather":[{"id":600,"main":"Snow","description":"light snow","icon":"13n"}],"clouds":{"all":100},"wind":{"speed":2.2,"deg":42,"gust":6.01},"visibility":448,"pop":0.32,"snow":{"3h":0.25},"sys":{"pod":"n"},"dt_txt":"2023-12-12 15:00:00"},{"dt":1702404000,"main":{"temp":268.47,"feels_like":265.24,"temp_min":268.47,"temp_max":268.47,"pressure":1012,"sea_level":1012,"grnd_level":1001,"humidity":97,"temp_kf":0},"weather":[{"id":600,"main":"Snow","description":"light snow","icon":"13n"}],"clouds":{"all":100},"wind":{"speed":2,"deg":45,"gust":5},"visibility":308,"pop":0.44,"snow":{"3h":0.32},"sys":{"pod":"n"},"dt_txt":"2023-12-12 18:00:00"},{"dt":1702414800,"main":{"temp":268.19,"feels_like":265.4,"temp_min":268.19,"temp_max":268.19,"pressure":1013,"sea_level":1013,"grnd_level":1001,"humidity":97,"temp_kf":0},"weather":[{"id":600,"main":"Snow","description":"light snow","icon":"13n"}],"clouds":{"all":100},"wind":{"speed":1.69,"deg":50,"gust":4.51},"visibility":270,"pop":0.6,"snow":{"3h":0.32},"sys":{"pod":"n"},"dt_txt":"2023-12-12 21:00:00"},{"dt":1702425600,"main":{"temp":268.33,"feels_like":265.88,"temp_min":268.33,"temp_max":268.33,"pressure":1013,"sea_level":1013,"grnd_level":1001,"humidity":98,"temp_kf":0},"weather":[{"id":600,"main":"Snow","description":"light snow","icon":"13n"}],"clouds":{"all":100},"wind":{"speed":1.51,"deg":47,"gust":3.41},"visibility":452,"pop":0.76,"snow":{"3h":0.44},"sys":{"pod":"n"},"dt_txt":"2023-12-13 00:00:00"},{"dt":1702436400,"main":{"temp":267.58,"feels_like":265.12,"temp_min":267.58,"temp_max":267.58,"pressure":1013,"sea_level":1013,"grnd_level":1002,"humidity":97,"temp_kf":0},"weather":[{"id":600,"main":"Snow","description":"light snow","icon":"13n"}],"clouds":{"all":100},"wind":{"speed":1.46,"deg":50,"gust":3.6},"visibility":430,"pop":0.28,"snow":{"3h":0.25},"sys":{"pod":"n"},"dt_txt":"2023-12-13 03:00:00"},{"dt":1702447200,"main":{"temp":267.55,"feels_like":265.33,"temp_min":267.55,"temp_max":267.55,"pressure":1014,"sea_level":1014,"grnd_level":1002,"humidity":98,"temp_kf":0},"weather":[{"id":600,"main":"Snow","description":"light snow","icon":"13n"}],"clouds":{"all":100},"wind":{"speed":1.34,"deg":43,"gust":2.71},"visibility":467,"pop":0.2,"snow":{"3h":0.19},"sys":{"pod":"n"},"dt_txt":"2023-12-13 06:00:00"},{"dt":1702458000,"main":{"temp":267.72,"feels_like":265.5,"temp_min":267.72,"temp_max":267.72,"pressure":1014,"sea_level":1014,"grnd_level":1003,"humidity":97,"temp_kf":0},"weather":[{"id":600,"main":"Snow","description":"light snow","icon":"13d"}],"clouds":{"all":100},"wind":{"speed":1.35,"deg":43,"gust":2.71},"visibility":520,"pop":0.49,"snow":{"3h":0.32},"sys":{"pod":"d"},"dt_txt":"2023-12-13 09:00:00"},{"dt":1702468800,"main":{"temp":268.03,"feels_like":265.59,"temp_min":268.03,"temp_max":268.03,"pressure":1015,"sea_level":1015,"grnd_level":1004,"humidity":97,"temp_kf":0},"weather":[{"id":600,"main":"Snow","description":"light snow","icon":"13d"}],"clouds":{"all":99},"wind":{"speed":1.48,"deg":17,"gust":3.09},"visibility":959,"pop":0.2,"snow":{"3h":0.19},"sys":{"pod":"d"},"dt_txt":"2023-12-13 12:00:00"},{"dt":1702479600,"main":{"temp":264.05,"feels_like":260.77,"temp_min":264.05,"temp_max":264.05,"pressure":1017,"sea_level":1017,"grnd_level":1005,"humidity":98,"temp_kf":0},"weather":[{"id":804,"main":"Clouds","description":"overcast clouds","icon":"04n"}],"clouds":{"all":89},"wind":{"speed":1.62,"deg":12,"gust":3.19},"visibility":1490,"pop":0,"sys":{"pod":"n"},"dt_txt":"2023-12-13 15:00:00"}],"city":{"id":661226,"name":"Amuri","coord":{"lat":61.5,"lon":23.76},"country":"FI","population":0,"timezone":7200,"sunrise":1702020394,"sunset":1702040823}}
]]></system-out>
  </testcase>
  <testcase name="testGetForecast_InvalidCoordinates" classname="fi.tuni.prog3.weatherapp.controller.WeatherControllerTest" time="0.099">
    <system-out><![CDATA[Error: GET request failed: 400 Bad Request
]]></system-out>
  </testcase>
  <testcase name="testGetCurrentWeather_ValidCoordinates" classname="fi.tuni.prog3.weatherapp.controller.WeatherControllerTest" time="0.169">
    <system-out><![CDATA[{"coord":{"lon":23.76,"lat":61.5},"weather":[{"id":804,"main":"Clouds","description":"overcast clouds","icon":"04n"}],"base":"stations","main":{"temp":264.53,"feels_like":257.53,"temp_min":263.73,"temp_max":265.33,"pressure":1029,"humidity":91},"visibility":10000,"wind":{"speed":5.36,"deg":93,"gust":7.6},"clouds":{"all":100},"dt":1702048464,"sys":{"type":2,"id":2081862,"country":"FI","sunrise":1702020394,"sunset":1702040823},"timezone":7200,"id":661226,"name":"Amuri","cod":200}
]]></system-out>
  </testcase>
  <testcase name="testGetCurrentWeather_InvalidCoordinates" classname="fi.tuni.prog3.weatherapp.controller.WeatherControllerTest" time="0.059">
    <system-out><![CDATA[Error: GET request failed: 400 Bad Request
]]></system-out>
  </testcase>
  <testcase name="testLookUpLocation_ValidLocation" classname="fi.tuni.prog3.weatherapp.controller.WeatherControllerTest" time="0.139">
    <system-out><![CDATA[[{"name":"Tampere","local_names":{"be":"Ð¢Ð°Ð¼Ð¿ÐµÑ€Ñ�","fi":"Tampere","ko":"íƒ�íŽ˜ë ˆ","lt":"TamperÄ—","ru":"Ð¢Ð°Ð¼Ð¿ÐµÑ€Ðµ","sv":"Tammerfors","ar":"ØªØ§Ù…Ø¨ÙŠØ±ÙŠ","no":"Tammerfors","zh":"å�¦ä½©é›·","el":"Î¤Î¬Î¼Ï€ÎµÏ�Îµ","fa":"ØªØ§Ù…Ù¾Ø±ÛŒ","uk":"Ð¢Ð°Ð¼Ð¿ÐµÑ€Ðµ","ja":"ã‚¿ãƒ³ãƒšãƒ¬"},"lat":61.4980214,"lon":23.7603118,"country":"FI"}]
]]></system-out>
  </testcase>
</testsuite>