<?xml version="1.0" encoding="UTF-8"?>
<testsuite xmlns:xsi="http://www.w3.org/2001/XMLSchema-instance" xsi:noNamespaceSchemaLocation="https://maven.apache.org/surefire/maven-surefire-plugin/xsd/surefire-test-report-3.0.xsd" version="3.0" name="fi.tuni.prog3.weatherapp.utils.service.HttpURLConnectionHelperTest" time="23.913" tests="3" errors="0" skipped="0" failures="0">
  <properties>
[...]
</properties>
  <testcase name="testMalformedJSONGETResponse" classname="fi.tuni.prog3.weatherapp.utils.service.HttpURLConnectionHelperTest" time="21.054"/>
  <testcase name="testInvalidGETRequest" classname="fi.tuni.prog3.weatherapp.utils.service.HttpURLConnectionHelperTest" time="2.707"/>
  <testcase name="testValidGETRequest" classname="fi.tuni.prog3.weatherapp.utils.service.HttpURLConnectionHelperTest" time="0.145">
    <system-out><![CDATA[[{"name":"Tampere","local_names":{"be":"Ð¢Ð°Ð¼Ð¿ÐµÑ€Ñ�","fi":"Tampere","ko":"íƒ�íŽ˜ë ˆ","lt":"TamperÄ—","ru":"Ð¢Ð°Ð¼Ð¿ÐµÑ€Ðµ","sv":"Tammerfors","ar":"ØªØ§Ù…Ø¨ÙŠØ±ÙŠ","no":"Tammerfors","zh":"å�¦ä½©é›·","el":"Î¤Î¬Î¼Ï€ÎµÏ�Îµ","fa":"ØªØ§Ù…Ù¾Ø±ÛŒ","uk":"Ð¢Ð°Ð¼Ð¿ÐµÑ€Ðµ","ja":"ã‚¿ãƒ³ãƒšãƒ¬"},"lat":61.4980214,"lon":23.7603118,"country":"FI"}]
]]></system-out>
  </testcase>
</testsuite>